<?xml version="1.0" encoding="UTF-8"?>
<!-- Generated by org.testng.reporters.JUnitXMLReporter -->
<testsuite ignored="12" hostname="DESKTOP-IHTO98L" failures="0" tests="8" name="Test_All" time="257.334" errors="0" timestamp="2024-06-29T14:51:38 IST">
  <testcase classname="com.mystore.testcases.AddToCartPageTest" name="addToCartTest" time="33.01"/>
  <testcase classname="com.mystore.testcases.HomePageTest" name="orderHistoryandDetailsTest" time="7.168"/>
  <testcase classname="com.mystore.testcases.OrderPageTest" name="verifyTotalPrice" time="33.899"/>
  <testcase classname="com.mystore.testcases.SearchResultPageTest" name="productAvailabilityTest" time="4.892"/>
  <testcase classname="com.mystore.testcases.LoginPageTest" name="loginTest" time="6.205"/>
  <testcase classname="com.mystore.testcases.IndexPageTest" name="verifyLogo" time="0.095"/>
  <testcase classname="com.mystore.testcases.IndexPageTest" name="verifyTitle" time="0.032"/>
  <testcase classname="com.mystore.testcases.EndToEndTest" name="endToEndTest" time="92.259"/>
  <testcase classname="com.mystore.base.BaseClass" name="@AfterSuite afterSuite" time="0.0">
    <ignored/>
  </testcase> <!-- @AfterSuite afterSuite -->
  <testcase classname="com.mystore.base.BaseClass" name="@AfterSuite afterSuite" time="0.0">
    <ignored/>
  </testcase> <!-- @AfterSuite afterSuite -->
  <testcase classname="com.mystore.base.BaseClass" name="@AfterSuite afterSuite" time="0.0">
    <ignored/>
  </testcase> <!-- @AfterSuite afterSuite -->
  <testcase classname="com.mystore.base.BaseClass" name="@AfterSuite afterSuite" time="0.0">
    <ignored/>
  </testcase> <!-- @AfterSuite afterSuite -->
  <testcase classname="com.mystore.base.BaseClass" name="@AfterSuite afterSuite" time="0.0">
    <ignored/>
  </testcase> <!-- @AfterSuite afterSuite -->
  <testcase classname="com.mystore.base.BaseClass" name="@AfterSuite afterSuite" time="0.0">
    <ignored/>
  </testcase> <!-- @AfterSuite afterSuite -->
  <testcase classname="com.mystore.base.BaseClass" name="@BeforeSuite loadConfig" time="0.0">
    <ignored/>
  </testcase> <!-- @BeforeSuite loadConfig -->
  <testcase classname="com.mystore.base.BaseClass" name="@BeforeSuite loadConfig" time="0.0">
    <ignored/>
  </testcase> <!-- @BeforeSuite loadConfig -->
  <testcase classname="com.mystore.base.BaseClass" name="@BeforeSuite loadConfig" time="0.0">
    <ignored/>
  </testcase> <!-- @BeforeSuite loadConfig -->
  <testcase classname="com.mystore.base.BaseClass" name="@BeforeSuite loadConfig" time="0.0">
    <ignored/>
  </testcase> <!-- @BeforeSuite loadConfig -->
  <testcase classname="com.mystore.base.BaseClass" name="@BeforeSuite loadConfig" time="0.0">
    <ignored/>
  </testcase> <!-- @BeforeSuite loadConfig -->
  <testcase classname="com.mystore.base.BaseClass" name="@BeforeSuite loadConfig" time="0.0">
    <ignored/>
  </testcase> <!-- @BeforeSuite loadConfig -->
</testsuite> <!-- Test_All -->
